wake 2025-07-01 15:36:43:748 N 下一首
wake 2025-07-01 15:36:47:148 N 结束录像
wake 2025-07-01 15:36:50:708 N 开始录像
wake 2025-07-01 15:36:54:201 N 开始拍照
wake 2025-07-01 15:36:57:789 N 小溪小溪
wake 2025-07-01 15:37:01:573 N 帮我看看
wake 2025-07-01 15:37:04:632 N 下一首
wake 2025-07-01 15:37:08:093 N 结束录像
wake 2025-07-01 15:37:11:659 N 开始录像
wake 2025-07-01 15:37:15:111 N 开始拍照
wake 2025-07-01 15:37:18:714 N 小溪小溪
wake 2025-07-01 15:37:22:433 N 帮我看看
wake 2025-07-01 15:37:25:498 N 下一首
wake 2025-07-01 15:37:28:936 N 结束录像
wake 2025-07-01 15:37:32:510 N 开始录像
wake 2025-07-01 15:37:35:968 N 开始拍照
wake 2025-07-01 15:37:39:566 N 小溪小溪
wake 2025-07-01 15:37:43:248 N 帮我看看
wake 2025-07-01 15:37:46:310 N 下一首
wake 2025-07-01 15:37:49:751 N 结束录像
wake 2025-07-01 15:37:53:344 N 开始录像
wake 2025-07-01 15:37:56:806 N 开始拍照
wake 2025-07-01 15:38:00:364 N 小溪小溪
wake 2025-07-01 15:38:04:104 N 帮我看看
wake 2025-07-01 15:38:07:145 N 下一首
wake 2025-07-01 15:38:10:572 N 结束录像
wake 2025-07-01 15:38:14:154 N 开始录像
wake 2025-07-01 15:38:17:626 N 开始拍照
wake 2025-07-01 15:38:21:182 N 小溪小溪
wake 2025-07-01 15:38:24:924 N 帮我看看
wake 2025-07-01 15:38:27:946 N 下一首
wake 2025-07-01 15:38:31:400 N 结束录像
wake 2025-07-01 15:38:34:994 N 开始录像
wake 2025-07-01 15:38:38:474 N 开始拍照
wake 2025-07-01 15:38:42:092 N 小溪小溪
wake 2025-07-01 15:38:45:844 N 帮我看看
wake 2025-07-01 15:38:48:911 N 下一首
wake 2025-07-01 15:38:52:373 N 结束录像
wake 2025-07-01 15:38:55:948 N 开始录像
wake 2025-07-01 15:38:59:432 N 开始拍照
wake 2025-07-01 15:39:03:026 N 小溪小溪
wake 2025-07-01 15:39:06:728 N 帮我看看
wake 2025-07-01 15:39:09:778 N 下一首
wake 2025-07-01 15:39:13:260 N 结束录像
wake 2025-07-01 15:39:16:837 N 开始录像
wake 2025-07-01 15:39:20:298 N 开始拍照
wake 2025-07-01 15:39:23:877 N 小溪小溪
wake 2025-07-01 15:39:27:603 N 帮我看看
wake 2025-07-01 15:39:30:637 N 下一首
wake 2025-07-01 15:39:34:121 N 结束录像
wake 2025-07-01 15:39:37:714 N 开始录像
wake 2025-07-01 15:39:41:201 N 开始拍照
wake 2025-07-01 15:39:44:780 N 小溪小溪
wake 2025-07-01 15:39:48:501 N 帮我看看
wake 2025-07-01 15:39:51:556 N 下一首
wake 2025-07-01 15:39:55:020 N 结束录像
wake 2025-07-01 15:39:58:597 N 开始录像
wake 2025-07-01 15:40:02:081 N 开始拍照
wake 2025-07-01 15:40:05:664 N 小溪小溪
wake 2025-07-01 15:40:09:371 N 帮我看看
wake 2025-07-01 15:40:12:448 N 下一首
wake 2025-07-01 15:40:15:928 N 结束录像
wake 2025-07-01 15:40:19:511 N 开始录像
wake 2025-07-01 15:40:22:989 N 开始拍照
wake 2025-07-01 15:40:26:549 N 小溪小溪
wake 2025-07-01 15:40:30:270 N 帮我看看
wake 2025-07-01 15:40:33:298 N 下一首
wake 2025-07-01 15:40:36:769 N 结束录像
wake 2025-07-01 15:40:40:343 N 开始录像
wake 2025-07-01 15:40:43:826 N 开始拍照
wake 2025-07-01 15:40:47:403 N 小溪小溪
wake 2025-07-01 15:40:51:122 N 帮我看看
wake 2025-07-01 15:40:54:188 N 下一首
wake 2025-07-01 15:40:57:665 N 结束录像
wake 2025-07-01 15:41:01:265 N 开始录像
wake 2025-07-01 15:41:04:723 N 开始拍照
wake 2025-07-01 15:41:08:314 N 小溪小溪
wake 2025-07-01 15:41:12:004 N 帮我看看
wake 2025-07-01 15:41:15:067 N 下一首
wake 2025-07-01 15:41:18:541 N 结束录像
wake 2025-07-01 15:41:22:114 N 开始录像
wake 2025-07-01 15:41:25:575 N 开始拍照
wake 2025-07-01 15:41:29:155 N 小溪小溪
wake 2025-07-01 15:41:32:877 N 帮我看看
wake 2025-07-01 15:41:35:937 N 下一首
wake 2025-07-01 15:41:39:415 N 结束录像
wake 2025-07-01 15:41:43:014 N 开始录像
wake 2025-07-01 15:41:46:471 N 开始拍照
wake 2025-07-01 15:41:50:068 N 小溪小溪
wake 2025-07-01 15:41:53:786 N 帮我看看
wake 2025-07-01 15:41:56:825 N 下一首
wake 2025-07-01 15:42:00:326 N 结束录像
wake 2025-07-01 15:42:03:885 N 开始录像
wake 2025-07-01 15:42:07:363 N 开始拍照
wake 2025-07-01 15:42:10:926 N 小溪小溪
wake 2025-07-01 15:42:14:630 N 帮我看看
wake 2025-07-01 15:42:17:685 N 下一首
wake 2025-07-01 15:42:21:167 N 结束录像
wake 2025-07-01 15:42:24:774 N 开始录像
wake 2025-07-01 15:42:28:236 N 开始拍照
wake 2025-07-01 15:42:31:797 N 小溪小溪
wake 2025-07-01 15:42:35:516 N 帮我看看
wake 2025-07-01 15:42:38:550 N 下一首
wake 2025-07-01 15:42:42:040 N 结束录像
wake 2025-07-01 15:42:45:606 N 开始录像
wake 2025-07-01 15:42:49:087 N 开始拍照
wake 2025-07-01 15:42:52:649 N 小溪小溪
wake 2025-07-01 15:42:56:356 N 帮我看看
wake 2025-07-01 15:42:59:398 N 下一首
wake 2025-07-01 15:43:02:876 N 结束录像
wake 2025-07-01 15:43:06:471 N 开始录像
wake 2025-07-01 15:43:09:954 N 开始拍照
wake 2025-07-01 15:43:13:514 N 小溪小溪
wake 2025-07-01 15:43:17:231 N 帮我看看
wake 2025-07-01 15:43:20:274 N 下一首
wake 2025-07-01 15:43:23:759 N 结束录像
wake 2025-07-01 15:43:27:337 N 开始录像
wake 2025-07-01 15:43:30:816 N 开始拍照
wake 2025-07-01 15:43:34:396 N 小溪小溪
wake 2025-07-01 15:43:38:093 N 帮我看看
wake 2025-07-01 15:43:41:166 N 下一首
wake 2025-07-01 15:43:44:653 N 结束录像
wake 2025-07-01 15:43:48:202 N 开始录像
wake 2025-07-01 15:43:51:674 N 开始拍照
wake 2025-07-01 15:43:55:267 N 小溪小溪
wake 2025-07-01 15:43:58:964 N 帮我看看
wake 2025-07-01 15:44:02:010 N 下一首
wake 2025-07-01 15:44:05:488 N 结束录像
wake 2025-07-01 15:44:09:066 N 开始录像
wake 2025-07-01 15:44:12:542 N 开始拍照
wake 2025-07-01 15:44:16:140 N 小溪小溪
wake 2025-07-01 15:44:19:855 N 帮我看看
wake 2025-07-01 15:44:22:899 N 下一首
wake 2025-07-01 15:44:26:364 N 结束录像
wake 2025-07-01 15:44:29:961 N 开始录像
wake 2025-07-01 15:44:33:447 N 开始拍照
wake 2025-07-01 15:44:37:019 N 小溪小溪
wake 2025-07-01 15:44:40:770 N 帮我看看
wake 2025-07-01 15:44:43:774 N 下一首
wake 2025-07-01 15:44:47:251 N 结束录像
wake 2025-07-01 15:44:50:836 N 开始录像
wake 2025-07-01 15:44:54:290 N 开始拍照
wake 2025-07-01 15:44:57:883 N 小溪小溪
wake 2025-07-01 15:45:01:621 N 帮我看看
wake 2025-07-01 15:45:04:695 N 下一首
wake 2025-07-01 15:45:08:153 N 结束录像
wake 2025-07-01 15:45:11:728 N 开始录像
wake 2025-07-01 15:45:15:212 N 开始拍照
wake 2025-07-01 15:45:18:777 N 小溪小溪
wake 2025-07-01 15:45:22:473 N 帮我看看
wake 2025-07-01 15:45:25:534 N 下一首
wake 2025-07-01 15:45:29:008 N 结束录像
wake 2025-07-01 15:45:32:594 N 开始录像
wake 2025-07-01 15:45:36:052 N 开始拍照
wake 2025-07-01 15:45:39:617 N 小溪小溪
wake 2025-07-01 15:45:43:354 N 帮我看看
wake 2025-07-01 15:45:46:399 N 下一首
wake 2025-07-01 15:45:49:861 N 结束录像
wake 2025-07-01 15:45:53:442 N 开始录像
wake 2025-07-01 15:45:56:919 N 开始拍照
wake 2025-07-01 15:46:00:484 N 小溪小溪
wake 2025-07-01 15:46:04:203 N 帮我看看
wake 2025-07-01 15:46:07:261 N 下一首
wake 2025-07-01 15:46:10:741 N 结束录像
wake 2025-07-01 15:46:14:339 N 开始录像
wake 2025-07-01 15:46:17:801 N 开始拍照
wake 2025-07-01 15:46:21:366 N 小溪小溪
wake 2025-07-01 15:46:25:087 N 帮我看看
wake 2025-07-01 15:46:28:150 N 下一首
wake 2025-07-01 15:46:31:624 N 结束录像
wake 2025-07-01 15:46:35:220 N 开始录像
wake 2025-07-01 15:46:38:699 N 开始拍照
wake 2025-07-01 15:46:42:261 N 小溪小溪
wake 2025-07-01 15:46:45:999 N 帮我看看
wake 2025-07-01 15:46:49:039 N 下一首
wake 2025-07-01 15:46:52:505 N 结束录像
wake 2025-07-01 15:46:56:065 N 开始录像
wake 2025-07-01 15:46:59:550 N 开始拍照
wake 2025-07-01 15:47:03:132 N 小溪小溪
wake 2025-07-01 15:47:06:880 N 帮我看看
wake 2025-07-01 15:47:09:913 N 下一首
wake 2025-07-01 15:47:13:401 N 结束录像
wake 2025-07-01 15:47:16:975 N 开始录像
wake 2025-07-01 15:47:20:461 N 开始拍照
wake 2025-07-01 15:47:23:999 N 小溪小溪
wake 2025-07-01 15:47:27:685 N 帮我看看
wake 2025-07-01 15:47:30:738 N 下一首
wake 2025-07-01 15:47:34:236 N 结束录像
wake 2025-07-01 15:47:37:798 N 开始录像
wake 2025-07-01 15:47:41:256 N 开始拍照
wake 2025-07-01 15:47:44:857 N 小溪小溪
wake 2025-07-01 15:47:48:571 N 帮我看看
wake 2025-07-01 15:47:51:632 N 下一首
wake 2025-07-01 15:47:55:098 N 结束录像
wake 2025-07-01 15:47:58:694 N 开始录像
wake 2025-07-01 15:48:02:176 N 开始拍照
wake 2025-07-01 15:48:05:757 N 小溪小溪
wake 2025-07-01 15:48:09:501 N 帮我看看
wake 2025-07-01 15:48:12:552 N 下一首
wake 2025-07-01 15:48:16:025 N 结束录像
wake 2025-07-01 15:48:19:636 N 开始录像
wake 2025-07-01 15:48:23:095 N 开始拍照
wake 2025-07-01 15:48:26:654 N 小溪小溪
wake 2025-07-01 15:48:30:413 N 帮我看看
wake 2025-07-01 15:48:33:454 N 下一首
wake 2025-07-01 15:48:36:889 N 结束录像
wake 2025-07-01 15:48:40:468 N 开始录像
wake 2025-07-01 15:48:43:964 N 开始拍照
wake 2025-07-01 15:48:47:502 N 小溪小溪
wake 2025-07-01 15:48:51:260 N 帮我看看
wake 2025-07-01 15:48:54:318 N 下一首
wake 2025-07-01 15:48:57:771 N 结束录像
wake 2025-07-01 15:49:01:357 N 开始录像
wake 2025-07-01 15:49:04:847 N 开始拍照
wake 2025-07-01 15:49:08:409 N 小溪小溪
wake 2025-07-01 15:49:12:168 N 帮我看看
wake 2025-07-01 15:49:15:225 N 下一首
wake 2025-07-01 15:49:18:683 N 结束录像
wake 2025-07-01 15:49:22:246 N 开始录像
wake 2025-07-01 15:49:25:725 N 开始拍照
wake 2025-07-01 15:49:29:286 N 小溪小溪
wake 2025-07-01 15:49:33:026 N 帮我看看
wake 2025-07-01 15:49:36:087 N 下一首
wake 2025-07-01 15:49:39:529 N 结束录像
wake 2025-07-01 15:49:43:128 N 开始录像
wake 2025-07-01 15:49:46:608 N 开始拍照
wake 2025-07-01 15:49:50:211 N 小溪小溪
wake 2025-07-01 15:49:53:947 N 帮我看看
wake 2025-07-01 15:49:57:002 N 下一首
wake 2025-07-01 15:50:00:462 N 结束录像
wake 2025-07-01 15:50:04:062 N 开始录像
wake 2025-07-01 15:50:07:524 N 开始拍照
wake 2025-07-01 15:50:11:076 N 小溪小溪
wake 2025-07-01 15:50:14:842 N 帮我看看
wake 2025-07-01 15:50:17:917 N 下一首
wake 2025-07-01 15:50:21:356 N 结束录像
wake 2025-07-01 15:50:24:933 N 开始录像
wake 2025-07-01 15:50:28:393 N 开始拍照
wake 2025-07-01 15:50:31:965 N 小溪小溪
wake 2025-07-01 15:50:35:720 N 帮我看看
wake 2025-07-01 15:50:38:772 N 下一首
wake 2025-07-01 15:50:42:210 N 结束录像
wake 2025-07-01 15:50:45:786 N 开始录像
wake 2025-07-01 15:50:49:245 N 开始拍照
wake 2025-07-01 15:50:52:807 N 小溪小溪
wake 2025-07-01 15:50:56:565 N 帮我看看
wake 2025-07-01 15:50:59:624 N 下一首
wake 2025-07-01 15:51:03:083 N 结束录像
wake 2025-07-01 15:51:06:648 N 开始录像
wake 2025-07-01 15:51:10:168 N 开始拍照
wake 2025-07-01 15:51:13:709 N 小溪小溪
wake 2025-07-01 15:51:17:513 N 帮我看看
wake 2025-07-01 15:51:20:543 N 下一首
wake 2025-07-01 15:51:24:003 N 结束录像
wake 2025-07-01 15:51:27:606 N 开始录像
wake 2025-07-01 15:51:31:061 N 开始拍照
wake 2025-07-01 15:51:34:642 N 小溪小溪
wake 2025-07-01 15:51:38:385 N 帮我看看
wake 2025-07-01 15:51:41:440 N 下一首
wake 2025-07-01 15:51:44:895 N 结束录像
wake 2025-07-01 15:51:48:520 N 开始录像
wake 2025-07-01 15:51:51:984 N 开始拍照
wake 2025-07-01 15:51:55:591 N 小溪小溪
wake 2025-07-01 15:51:59:323 N 帮我看看
wake 2025-07-01 15:52:02:397 N 下一首
wake 2025-07-01 15:52:05:850 N 结束录像
wake 2025-07-01 15:52:09:446 N 开始录像
wake 2025-07-01 15:52:12:925 N 开始拍照
wake 2025-07-01 15:52:16:524 N 小溪小溪
wake 2025-07-01 15:52:20:258 N 帮我看看
wake 2025-07-01 15:52:23:330 N 下一首
wake 2025-07-01 15:52:26:805 N 结束录像
wake 2025-07-01 15:52:30:387 N 开始录像
wake 2025-07-01 15:52:33:845 N 开始拍照
wake 2025-07-01 15:52:37:440 N 小溪小溪
wake 2025-07-01 15:52:41:161 N 帮我看看
wake 2025-07-01 15:52:44:208 N 下一首
wake 2025-07-01 15:52:47:685 N 结束录像
wake 2025-07-01 15:52:51:263 N 开始录像
wake 2025-07-01 15:52:54:737 N 开始拍照
wake 2025-07-01 15:52:58:296 N 小溪小溪
wake 2025-07-01 15:53:02:035 N 帮我看看
wake 2025-07-01 15:53:05:070 N 下一首
wake 2025-07-01 15:53:08:558 N 结束录像
wake 2025-07-01 15:53:12:141 N 开始录像
wake 2025-07-01 15:53:15:638 N 开始拍照
wake 2025-07-01 15:53:19:206 N 小溪小溪
wake 2025-07-01 15:53:22:954 N 帮我看看
wake 2025-07-01 15:53:25:989 N 下一首
wake 2025-07-01 15:53:29:506 N 结束录像
wake 2025-07-01 15:53:33:079 N 开始录像
wake 2025-07-01 15:53:36:568 N 开始拍照
wake 2025-07-01 15:53:40:142 N 小溪小溪
wake 2025-07-01 15:53:43:926 N 帮我看看
wake 2025-07-01 15:53:46:983 N 下一首
wake 2025-07-01 15:53:50:466 N 结束录像
wake 2025-07-01 15:53:54:061 N 开始录像
wake 2025-07-01 15:53:57:534 N 开始拍照
wake 2025-07-01 15:54:01:147 N 小溪小溪
wake 2025-07-01 15:54:04:866 N 帮我看看
wake 2025-07-01 15:54:07:925 N 下一首
wake 2025-07-01 15:54:11:403 N 结束录像
wake 2025-07-01 15:54:15:023 N 开始录像
wake 2025-07-01 15:54:18:525 N 开始拍照
wake 2025-07-01 15:54:22:092 N 小溪小溪
wake 2025-07-01 15:54:25:827 N 帮我看看
wake 2025-07-01 15:54:28:867 N 下一首
wake 2025-07-01 15:54:32:339 N 结束录像
wake 2025-07-01 15:54:35:929 N 开始录像
wake 2025-07-01 15:54:39:406 N 开始拍照
wake 2025-07-01 15:54:42:965 N 小溪小溪
wake 2025-07-01 15:54:46:706 N 帮我看看
wake 2025-07-01 15:54:49:764 N 下一首
wake 2025-07-01 15:54:53:245 N 结束录像
wake 2025-07-01 15:54:56:825 N 开始录像
wake 2025-07-01 15:55:00:298 N 开始拍照
wake 2025-07-01 15:55:03:856 N 小溪小溪
wake 2025-07-01 15:55:07:598 N 帮我看看
wake 2025-07-01 15:55:10:620 N 下一首
wake 2025-07-01 15:55:14:136 N 结束录像
wake 2025-07-01 15:55:17:711 N 开始录像
wake 2025-07-01 15:55:21:186 N 开始拍照
wake 2025-07-01 15:55:24:779 N 小溪小溪
wake 2025-07-01 15:55:28:499 N 帮我看看
wake 2025-07-01 15:55:31:551 N 下一首
wake 2025-07-01 15:55:35:046 N 结束录像
wake 2025-07-01 15:55:38:665 N 开始录像
wake 2025-07-01 15:55:42:142 N 开始拍照
wake 2025-07-01 15:55:45:706 N 小溪小溪
wake 2025-07-01 15:55:49:426 N 帮我看看
wake 2025-07-01 15:55:52:506 N 下一首
wake 2025-07-01 15:55:55:997 N 结束录像
wake 2025-07-01 15:55:59:588 N 开始录像
wake 2025-07-01 15:56:03:060 N 开始拍照
wake 2025-07-01 15:56:06:638 N 小溪小溪
wake 2025-07-01 15:56:10:399 N 帮我看看
wake 2025-07-01 15:56:13:448 N 下一首
wake 2025-07-01 15:56:16:948 N 结束录像
wake 2025-07-01 15:56:20:536 N 开始录像
wake 2025-07-01 15:56:24:019 N 开始拍照
wake 2025-07-01 15:56:27:598 N 小溪小溪
wake 2025-07-01 15:56:31:328 N 帮我看看
wake 2025-07-01 15:56:34:388 N 下一首
wake 2025-07-01 15:56:37:887 N 结束录像
wake 2025-07-01 15:56:41:468 N 开始录像
wake 2025-07-01 15:56:44:983 N 开始拍照
wake 2025-07-01 15:56:48:551 N 小溪小溪
wake 2025-07-01 15:56:52:265 N 帮我看看
wake 2025-07-01 15:56:55:342 N 下一首
wake 2025-07-01 15:56:58:824 N 结束录像
wake 2025-07-01 15:57:02:397 N 开始录像
wake 2025-07-01 15:57:05:890 N 开始拍照
wake 2025-07-01 15:57:09:478 N 小溪小溪
wake 2025-07-01 15:57:13:239 N 帮我看看
wake 2025-07-01 15:57:16:338 N 下一首
wake 2025-07-01 15:57:19:815 N 结束录像
wake 2025-07-01 15:57:23:387 N 开始录像
wake 2025-07-01 15:57:26:900 N 开始拍照
wake 2025-07-01 15:57:30:473 N 小溪小溪
wake 2025-07-01 15:57:34:235 N 帮我看看
wake 2025-07-01 15:57:37:269 N 下一首
wake 2025-07-01 15:57:40:760 N 结束录像
wake 2025-07-01 15:57:44:355 N 开始录像
wake 2025-07-01 15:57:47:842 N 开始拍照
wake 2025-07-01 15:57:51:437 N 小溪小溪
wake 2025-07-01 15:57:55:186 N 帮我看看
wake 2025-07-01 15:57:58:263 N 下一首
wake 2025-07-01 15:58:01:740 N 结束录像
wake 2025-07-01 15:58:05:335 N 开始录像
wake 2025-07-01 15:58:08:827 N 开始拍照
wake 2025-07-01 15:58:12:421 N 小溪小溪
wake 2025-07-01 15:58:16:222 N 帮我看看
wake 2025-07-01 15:58:19:270 N 下一首
wake 2025-07-01 15:58:22:769 N 结束录像
wake 2025-07-01 15:58:26:319 N 开始录像
wake 2025-07-01 15:58:29:814 N 开始拍照
wake 2025-07-01 15:58:33:405 N 小溪小溪
wake 2025-07-01 15:58:37:163 N 帮我看看
wake 2025-07-01 15:58:40:240 N 下一首
wake 2025-07-01 15:58:43:738 N 结束录像
wake 2025-07-01 15:58:47:334 N 开始录像
wake 2025-07-01 15:58:50:829 N 开始拍照
wake 2025-07-01 15:58:54:415 N 小溪小溪
wake 2025-07-01 15:58:58:177 N 帮我看看
wake 2025-07-01 15:59:01:233 N 下一首
wake 2025-07-01 15:59:04:736 N 结束录像
wake 2025-07-01 15:59:08:337 N 开始录像
wake 2025-07-01 15:59:11:840 N 开始拍照
wake 2025-07-01 15:59:15:422 N 小溪小溪
wake 2025-07-01 15:59:19:183 N 帮我看看
wake 2025-07-01 15:59:22:241 N 下一首
wake 2025-07-01 15:59:25:707 N 结束录像
wake 2025-07-01 15:59:29:302 N 开始录像
wake 2025-07-01 15:59:32:806 N 开始拍照
wake 2025-07-01 15:59:36:390 N 小溪小溪
wake 2025-07-01 15:59:40:129 N 帮我看看
wake 2025-07-01 15:59:43:229 N 下一首
wake 2025-07-01 15:59:46:688 N 结束录像
wake 2025-07-01 15:59:50:285 N 开始录像
wake 2025-07-01 15:59:53:789 N 开始拍照
wake 2025-07-01 15:59:57:399 N 小溪小溪
wake 2025-07-01 16:00:01:182 N 帮我看看
wake 2025-07-01 16:00:04:247 N 下一首
wake 2025-07-01 16:00:07:721 N 结束录像
wake 2025-07-01 16:00:11:341 N 开始录像
wake 2025-07-01 16:00:14:847 N 开始拍照
wake 2025-07-01 16:00:18:407 N 小溪小溪
wake 2025-07-01 16:00:22:131 N 帮我看看
wake 2025-07-01 16:00:25:213 N 下一首
wake 2025-07-01 16:00:28:673 N 结束录像
wake 2025-07-01 16:00:32:300 N 开始录像
wake 2025-07-01 16:00:35:798 N 开始拍照
wake 2025-07-01 16:00:39:396 N 小溪小溪
wake 2025-07-01 16:00:43:136 N 帮我看看
wake 2025-07-01 16:00:46:198 N 下一首
wake 2025-07-01 16:00:49:690 N 结束录像
wake 2025-07-01 16:00:53:297 N 开始录像
wake 2025-07-01 16:00:56:793 N 开始拍照
wake 2025-07-01 16:01:00:406 N 小溪小溪
wake 2025-07-01 16:01:04:147 N 帮我看看
wake 2025-07-01 16:01:07:198 N 下一首
wake 2025-07-01 16:01:10:677 N 结束录像
wake 2025-07-01 16:01:14:296 N 开始录像
wake 2025-07-01 16:01:17:793 N 开始拍照
wake 2025-07-01 16:01:21:392 N 小溪小溪
wake 2025-07-01 16:01:25:122 N 帮我看看
wake 2025-07-01 16:01:28:188 N 下一首
wake 2025-07-01 16:01:31:707 N 结束录像
wake 2025-07-01 16:01:35:327 N 开始录像
wake 2025-07-01 16:01:38:811 N 开始拍照
wake 2025-07-01 16:01:42:411 N 小溪小溪
wake 2025-07-01 16:01:46:173 N 帮我看看
wake 2025-07-01 16:01:49:219 N 下一首
wake 2025-07-01 16:01:52:693 N 结束录像
wake 2025-07-01 16:01:56:309 N 开始录像
wake 2025-07-01 16:01:59:831 N 开始拍照
wake 2025-07-01 16:02:03:409 N 小溪小溪
wake 2025-07-01 16:02:07:148 N 帮我看看
wake 2025-07-01 16:02:10:225 N 下一首
wake 2025-07-01 16:02:13:724 N 结束录像
wake 2025-07-01 16:02:17:321 N 开始录像
wake 2025-07-01 16:02:20:821 N 开始拍照
wake 2025-07-01 16:02:24:417 N 小溪小溪
wake 2025-07-01 16:02:28:177 N 帮我看看
wake 2025-07-01 16:02:31:252 N 下一首
wake 2025-07-01 16:02:34:744 N 结束录像
wake 2025-07-01 16:02:38:384 N 开始录像
wake 2025-07-01 16:02:41:885 N 开始拍照
wake 2025-07-01 16:02:45:486 N 小溪小溪
wake 2025-07-01 16:02:49:249 N 帮我看看
wake 2025-07-01 16:02:52:308 N 下一首
wake 2025-07-01 16:02:55:828 N 结束录像
wake 2025-07-01 16:02:59:425 N 开始录像
wake 2025-07-01 16:03:02:928 N 开始拍照
wake 2025-07-01 16:03:06:527 N 小溪小溪
wake 2025-07-01 16:03:10:273 N 帮我看看
wake 2025-07-01 16:03:13:349 N 下一首
wake 2025-07-01 16:03:16:826 N 结束录像
wake 2025-07-01 16:03:20:445 N 开始录像
wake 2025-07-01 16:03:23:950 N 开始拍照
wake 2025-07-01 16:03:27:543 N 小溪小溪
wake 2025-07-01 16:03:31:326 N 帮我看看
wake 2025-07-01 16:03:34:419 N 下一首
wake 2025-07-01 16:03:37:873 N 结束录像
wake 2025-07-01 16:03:41:490 N 开始录像
wake 2025-07-01 16:03:45:025 N 开始拍照
wake 2025-07-01 16:03:48:624 N 小溪小溪
wake 2025-07-01 16:03:52:404 N 帮我看看
wake 2025-07-01 16:03:55:484 N 下一首
wake 2025-07-01 16:03:59:008 N 结束录像
wake 2025-07-01 16:04:02:592 N 开始录像
wake 2025-07-01 16:04:06:079 N 开始拍照
wake 2025-07-01 16:04:09:678 N 小溪小溪
wake 2025-07-01 16:04:13:474 N 帮我看看
wake 2025-07-01 16:04:16:542 N 下一首
wake 2025-07-01 16:04:20:041 N 结束录像
wake 2025-07-01 16:04:23:641 N 开始录像
wake 2025-07-01 16:04:27:104 N 开始拍照
wake 2025-07-01 16:04:30:703 N 小溪小溪
wake 2025-07-01 16:04:34:446 N 帮我看看
wake 2025-07-01 16:04:37:560 N 下一首
wake 2025-07-01 16:04:41:070 N 结束录像
wake 2025-07-01 16:04:44:623 N 开始录像
wake 2025-07-01 16:04:48:136 N 开始拍照
wake 2025-07-01 16:04:51:729 N 小溪小溪
wake 2025-07-01 16:04:55:494 N 帮我看看
wake 2025-07-01 16:04:58:571 N 下一首
wake 2025-07-01 16:05:02:095 N 结束录像
wake 2025-07-01 16:05:05:694 N 开始录像
wake 2025-07-01 16:05:09:199 N 开始拍照
wake 2025-07-01 16:05:12:775 N 小溪小溪
wake 2025-07-01 16:05:16:553 N 帮我看看
wake 2025-07-01 16:05:19:633 N 下一首
wake 2025-07-01 16:05:23:137 N 结束录像
wake 2025-07-01 16:05:26:732 N 开始录像
wake 2025-07-01 16:05:30:253 N 开始拍照
wake 2025-07-01 16:05:33:849 N 小溪小溪
wake 2025-07-01 16:05:37:628 N 帮我看看
wake 2025-07-01 16:05:40:695 N 下一首
wake 2025-07-01 16:05:44:195 N 结束录像
wake 2025-07-01 16:05:47:814 N 开始录像
wake 2025-07-01 16:05:51:322 N 开始拍照
wake 2025-07-01 16:05:54:926 N 小溪小溪
wake 2025-07-01 16:05:58:682 N 帮我看看
wake 2025-07-01 16:06:01:761 N 下一首
wake 2025-07-01 16:06:05:217 N 结束录像
wake 2025-07-01 16:06:08:838 N 开始录像
wake 2025-07-01 16:06:12:338 N 开始拍照
wake 2025-07-01 16:06:15:980 N 小溪小溪
wake 2025-07-01 16:06:19:736 N 帮我看看
wake 2025-07-01 16:06:22:819 N 下一首
wake 2025-07-01 16:06:26:265 N 结束录像
wake 2025-07-01 16:06:29:890 N 开始录像
wake 2025-07-01 16:06:33:412 N 开始拍照
wake 2025-07-01 16:06:37:026 N 小溪小溪
wake 2025-07-01 16:06:40:805 N 帮我看看
wake 2025-07-01 16:06:43:845 N 下一首
wake 2025-07-01 16:06:47:381 N 结束录像
wake 2025-07-01 16:06:51:002 N 开始录像
wake 2025-07-01 16:06:54:521 N 开始拍照
wake 2025-07-01 16:06:58:127 N 小溪小溪
wake 2025-07-01 16:07:01:888 N 帮我看看
wake 2025-07-01 16:07:04:922 N 下一首
wake 2025-07-01 16:07:08:444 N 结束录像
wake 2025-07-01 16:07:12:081 N 开始录像
wake 2025-07-01 16:07:15:621 N 开始拍照
wake 2025-07-01 16:07:19:224 N 小溪小溪
wake 2025-07-01 16:07:22:986 N 帮我看看
wake 2025-07-01 16:07:26:027 N 下一首
wake 2025-07-01 16:07:29:529 N 结束录像
wake 2025-07-01 16:07:33:162 N 开始录像
wake 2025-07-01 16:07:36:684 N 开始拍照
wake 2025-07-01 16:07:40:286 N 小溪小溪
wake 2025-07-01 16:07:44:054 N 帮我看看
wake 2025-07-01 16:07:47:092 N 下一首
wake 2025-07-01 16:07:50:611 N 结束录像
wake 2025-07-01 16:07:54:248 N 开始录像
wake 2025-07-01 16:07:57:762 N 开始拍照
wake 2025-07-01 16:08:01:401 N 小溪小溪
wake 2025-07-01 16:08:05:161 N 帮我看看
wake 2025-07-01 16:08:08:260 N 下一首
wake 2025-07-01 16:08:11:782 N 结束录像
wake 2025-07-01 16:08:15:372 N 开始录像
wake 2025-07-01 16:08:18:895 N 开始拍照
wake 2025-07-01 16:08:22:469 N 小溪小溪
wake 2025-07-01 16:08:26:214 N 帮我看看
wake 2025-07-01 16:08:29:307 N 下一首
wake 2025-07-01 16:08:32:835 N 结束录像
wake 2025-07-01 16:08:36:433 N 开始录像
wake 2025-07-01 16:08:39:957 N 开始拍照
wake 2025-07-01 16:08:43:559 N 小溪小溪
wake 2025-07-01 16:08:47:355 N 帮我看看
wake 2025-07-01 16:08:50:415 N 下一首
wake 2025-07-01 16:08:53:930 N 结束录像
wake 2025-07-01 16:08:57:547 N 开始录像
wake 2025-07-01 16:09:01:097 N 开始拍照
wake 2025-07-01 16:09:04:717 N 小溪小溪
wake 2025-07-01 16:09:08:482 N 帮我看看
wake 2025-07-01 16:09:11:541 N 下一首
wake 2025-07-01 16:09:15:080 N 结束录像
wake 2025-07-01 16:09:18:675 N 开始录像
wake 2025-07-01 16:09:22:197 N 开始拍照
wake 2025-07-01 16:09:25:797 N 小溪小溪
wake 2025-07-01 16:09:29:567 N 帮我看看
wake 2025-07-01 16:09:32:684 N 下一首
wake 2025-07-01 16:09:36:201 N 结束录像
wake 2025-07-01 16:09:39:839 N 开始录像
wake 2025-07-01 16:09:43:330 N 开始拍照
wake 2025-07-01 16:09:46:972 N 小溪小溪
wake 2025-07-01 16:09:50:713 N 帮我看看
wake 2025-07-01 16:09:53:784 N 下一首
wake 2025-07-01 16:09:57:315 N 结束录像
wake 2025-07-01 16:10:00:990 N 开始录像
wake 2025-07-01 16:10:04:509 N 开始拍照
wake 2025-07-01 16:10:08:119 N 小溪小溪
wake 2025-07-01 16:10:11:849 N 帮我看看
wake 2025-07-01 16:10:14:961 N 下一首
wake 2025-07-01 16:10:18:503 N 结束录像
wake 2025-07-01 16:10:22:127 N 开始录像
wake 2025-07-01 16:10:25:647 N 开始拍照
wake 2025-07-01 16:10:29:238 N 小溪小溪
wake 2025-07-01 16:10:33:010 N 帮我看看
wake 2025-07-01 16:10:36:089 N 下一首
wake 2025-07-01 16:10:39:587 N 结束录像
wake 2025-07-01 16:10:43:222 N 开始录像
wake 2025-07-01 16:10:46:761 N 开始拍照
wake 2025-07-01 16:10:50:361 N 小溪小溪
wake 2025-07-01 16:10:54:134 N 帮我看看
wake 2025-07-01 16:10:57:233 N 下一首
wake 2025-07-01 16:11:00:750 N 结束录像
wake 2025-07-01 16:11:04:351 N 开始录像
wake 2025-07-01 16:11:07:876 N 开始拍照
wake 2025-07-01 16:11:11:472 N 小溪小溪
wake 2025-07-01 16:11:15:210 N 帮我看看
wake 2025-07-01 16:11:18:324 N 下一首
wake 2025-07-01 16:11:21:826 N 结束录像
wake 2025-07-01 16:11:25:463 N 开始录像
wake 2025-07-01 16:11:29:007 N 开始拍照
wake 2025-07-01 16:11:32:606 N 小溪小溪
wake 2025-07-01 16:11:36:384 N 帮我看看
